{
  "stats": {
    "suites": 1,
    "tests": 9,
    "passes": 9,
    "pending": 0,
    "failures": 0,
    "start": "2025-09-22T08:14:20.867Z",
    "end": "2025-09-22T08:14:34.126Z",
    "duration": 13259,
    "testsRegistered": 9,
    "passPercent": 100,
    "pendingPercent": 0,
    "other": 0,
    "hasOther": false,
    "skipped": 0,
    "hasSkipped": false
  },
  "results": [
    {
      "uuid": "569d192a-f0cb-49a7-aba5-b6796ed988da",
      "title": "",
      "fullFile": "cypress/e2e/HW_20_Cy/hw_20.cy.js",
      "file": "cypress/HW_20_Cy/hw_20.cy.js",
      "beforeHooks": [],
      "afterHooks": [],
      "tests": [],
      "suites": [
        {
          "uuid": "caf96152-0df1-4490-9b7d-123c8ee5e70f",
          "title": "LoginHttp",
          "fullFile": "",
          "file": "",
          "beforeHooks": [],
          "afterHooks": [],
          "tests": [
            {
              "title": "Should show error for empty Name field",
              "fullTitle": "LoginHttp Should show error for empty Name field",
              "timedOut": null,
              "duration": 2096,
              "state": "passed",
              "speed": "fast",
              "pass": true,
              "fail": false,
              "pending": false,
              "context": null,
              "code": "_RegistrationModalWindowValidation.default.clickHeroDescriptionButton().leaveSignUpNameEmpty().verifyNameRequiredVisible();",
              "err": {},
              "uuid": "00137d1c-506a-493c-9020-c561dd34152e",
              "parentUUID": "caf96152-0df1-4490-9b7d-123c8ee5e70f",
              "isHook": false,
              "skipped": false
            },
            {
              "title": "Should show error for invalid Name",
              "fullTitle": "LoginHttp Should show error for invalid Name",
              "timedOut": null,
              "duration": 902,
              "state": "passed",
              "speed": "fast",
              "pass": true,
              "fail": false,
              "pending": false,
              "context": null,
              "code": "_RegistrationModalWindowValidation.default.clickHeroDescriptionButton().typeSignUpName('123').verifyNameIsInvalid();",
              "err": {},
              "uuid": "6ef524d3-2100-4fab-b62e-f247001013cd",
              "parentUUID": "caf96152-0df1-4490-9b7d-123c8ee5e70f",
              "isHook": false,
              "skipped": false
            },
            {
              "title": "Should accept valid Name",
              "fullTitle": "LoginHttp Should accept valid Name",
              "timedOut": null,
              "duration": 1065,
              "state": "passed",
              "speed": "fast",
              "pass": true,
              "fail": false,
              "pending": false,
              "context": null,
              "code": "_RegistrationModalWindowValidation.default.clickHeroDescriptionButton().typeSignUpName('John').verifyNameRequiredNotExist();",
              "err": {},
              "uuid": "e1259574-c461-4d9e-9876-cacc047742f1",
              "parentUUID": "caf96152-0df1-4490-9b7d-123c8ee5e70f",
              "isHook": false,
              "skipped": false
            },
            {
              "title": "Should show error for invalid Email",
              "fullTitle": "LoginHttp Should show error for invalid Email",
              "timedOut": null,
              "duration": 1102,
              "state": "passed",
              "speed": "fast",
              "pass": true,
              "fail": false,
              "pending": false,
              "context": null,
              "code": "_RegistrationModalWindowValidation.default.clickHeroDescriptionButton().typeSignUpEmail('123').verifyIncorrectEmail();",
              "err": {},
              "uuid": "5d2adb0e-59b6-4c55-b375-87de3151434e",
              "parentUUID": "caf96152-0df1-4490-9b7d-123c8ee5e70f",
              "isHook": false,
              "skipped": false
            },
            {
              "title": "Should accept valid Email",
              "fullTitle": "LoginHttp Should accept valid Email",
              "timedOut": null,
              "duration": 965,
              "state": "passed",
              "speed": "fast",
              "pass": true,
              "fail": false,
              "pending": false,
              "context": null,
              "code": "_RegistrationModalWindowValidation.default.clickHeroDescriptionButton().typeSignUpEmail('test@test.com').verifyNoEmailError();",
              "err": {},
              "uuid": "42871ff3-5a9b-4f9e-af84-7b1812cee07b",
              "parentUUID": "caf96152-0df1-4490-9b7d-123c8ee5e70f",
              "isHook": false,
              "skipped": false
            },
            {
              "title": "Should validate Password rules",
              "fullTitle": "LoginHttp Should validate Password rules",
              "timedOut": null,
              "duration": 1023,
              "state": "passed",
              "speed": "fast",
              "pass": true,
              "fail": false,
              "pending": false,
              "context": null,
              "code": "_RegistrationModalWindowValidation.default.clickHeroDescriptionButton().typeSignUpPassword('short').verifyPasswordLengthErrorVisible();",
              "err": {},
              "uuid": "a9e03116-70e6-4808-8bf0-1ca4117437c6",
              "parentUUID": "caf96152-0df1-4490-9b7d-123c8ee5e70f",
              "isHook": false,
              "skipped": false
            },
            {
              "title": "Should show error if passwords do not match",
              "fullTitle": "LoginHttp Should show error if passwords do not match",
              "timedOut": null,
              "duration": 1437,
              "state": "passed",
              "speed": "fast",
              "pass": true,
              "fail": false,
              "pending": false,
              "context": null,
              "code": "_RegistrationModalWindowValidation.default.clickHeroDescriptionButton().typeSignUpPassword('Qwerty123').typeSignUpRepeatPassword('Qwerty124').verifyPasswordMismatchErrorVisible();",
              "err": {},
              "uuid": "a4938712-4b84-408a-9186-27425acd3309",
              "parentUUID": "caf96152-0df1-4490-9b7d-123c8ee5e70f",
              "isHook": false,
              "skipped": false
            },
            {
              "title": "Should enable Register button for valid form",
              "fullTitle": "LoginHttp Should enable Register button for valid form",
              "timedOut": null,
              "duration": 2348,
              "state": "passed",
              "speed": "fast",
              "pass": true,
              "fail": false,
              "pending": false,
              "context": null,
              "code": "_RegistrationModalWindowValidation.default.clickHeroDescriptionButton().typeSignUpName('John').typeSignUpLastName('Snow').typeSignUpEmail('test@test.com').typeSignUpPassword('Qwerty123').typeSignUpRepeatPassword('Qwerty123').verifyRegisterButtonEnabled();",
              "err": {},
              "uuid": "3af68783-aaf9-4a4a-8f98-0e19c1756f59",
              "parentUUID": "caf96152-0df1-4490-9b7d-123c8ee5e70f",
              "isHook": false,
              "skipped": false
            },
            {
              "title": "Open the \"Sign up modal window\" => Registration",
              "fullTitle": "LoginHttp Open the \"Sign up modal window\" => Registration",
              "timedOut": null,
              "duration": 2192,
              "state": "passed",
              "speed": "fast",
              "pass": true,
              "fail": false,
              "pending": false,
              "context": null,
              "code": "_RegistrationModalWindowValidation.default.clickHeroDescriptionButton();\n_modalRegistrationPage.default.typeFirstName('John').typeSecondName('Snow').typeEmail('chyzh.illia+1@gmail.com').typePassword('Qwerty123123', {\n  sensetive: true\n}).typePasswordConfirm('Qwerty123123', {\n  sensetive: true\n}).clickRegistrationButton();",
              "err": {},
              "uuid": "0c0bca10-eb0c-4933-bfd4-71095c5af1fa",
              "parentUUID": "caf96152-0df1-4490-9b7d-123c8ee5e70f",
              "isHook": false,
              "skipped": false
            }
          ],
          "suites": [],
          "passes": [
            "00137d1c-506a-493c-9020-c561dd34152e",
            "6ef524d3-2100-4fab-b62e-f247001013cd",
            "e1259574-c461-4d9e-9876-cacc047742f1",
            "5d2adb0e-59b6-4c55-b375-87de3151434e",
            "42871ff3-5a9b-4f9e-af84-7b1812cee07b",
            "a9e03116-70e6-4808-8bf0-1ca4117437c6",
            "a4938712-4b84-408a-9186-27425acd3309",
            "3af68783-aaf9-4a4a-8f98-0e19c1756f59",
            "0c0bca10-eb0c-4933-bfd4-71095c5af1fa"
          ],
          "failures": [],
          "pending": [],
          "skipped": [],
          "duration": 13130,
          "root": false,
          "rootEmpty": false,
          "_timeout": 2000
        }
      ],
      "passes": [],
      "failures": [],
      "pending": [],
      "skipped": [],
      "duration": 0,
      "root": true,
      "rootEmpty": true,
      "_timeout": 2000
    }
  ],
  "meta": {
    "mocha": {
      "version": "7.0.1"
    },
    "mochawesome": {
      "options": {
        "quiet": false,
        "reportFilename": "mochawesome",
        "saveHtml": false,
        "saveJson": true,
        "consoleReporter": "spec",
        "useInlineDiffs": false,
        "code": true
      },
      "version": "7.1.3"
    },
    "marge": {
      "options": {
        "charts": true,
        "reportPageTitle": "custom-title",
        "embeddedScreenshots": true,
        "inlineAssets": true,
        "saveAllAttempts": false,
        "overwrite": false,
        "html": false,
        "json": true,
        "reportDir": "cypress/reports/html/.jsons"
      },
      "version": "6.2.0"
    }
  }
}