{
  "stats": {
    "suites": 1,
    "tests": 7,
    "passes": 5,
    "pending": 0,
    "failures": 2,
    "start": "2025-09-22T08:11:46.209Z",
    "end": "2025-09-22T08:11:49.254Z",
    "duration": 3045,
    "testsRegistered": 7,
    "passPercent": 71.42857142857143,
    "pendingPercent": 0,
    "other": 0,
    "hasOther": false,
    "skipped": 0,
    "hasSkipped": false
  },
  "results": [
    {
      "uuid": "1dc0e6c1-2afa-45f2-88b4-4c931e819026",
      "title": "",
      "fullFile": "cypress/e2e/2-advanced-examples/cookies.cy.js",
      "file": "cypress/2-advanced-examples/cookies.cy.js",
      "beforeHooks": [],
      "afterHooks": [],
      "tests": [],
      "suites": [
        {
          "uuid": "459fd1a5-dd59-4767-bd3a-750ff032328a",
          "title": "Cookies",
          "fullFile": "",
          "file": "",
          "beforeHooks": [],
          "afterHooks": [],
          "tests": [
            {
              "title": "cy.getCookie() - get a browser cookie",
              "fullTitle": "Cookies cy.getCookie() - get a browser cookie",
              "timedOut": null,
              "duration": 492,
              "state": "passed",
              "speed": "fast",
              "pass": true,
              "fail": false,
              "pending": false,
              "context": null,
              "code": "// https://on.cypress.io/getcookie\ncy.get('#getCookie .set-a-cookie').click(); // cy.getCookie() yields a cookie object\ncy.getCookie('token').should('have.property', 'value', '123ABC');",
              "err": {},
              "uuid": "ef5b1f13-52d6-4f17-9e54-5ffb1cb73f1b",
              "parentUUID": "459fd1a5-dd59-4767-bd3a-750ff032328a",
              "isHook": false,
              "skipped": false
            },
            {
              "title": "cy.getCookies() - get browser cookies for the current domain",
              "fullTitle": "Cookies cy.getCookies() - get browser cookies for the current domain",
              "timedOut": null,
              "duration": 288,
              "state": "passed",
              "speed": "fast",
              "pass": true,
              "fail": false,
              "pending": false,
              "context": null,
              "code": "// https://on.cypress.io/getcookies\ncy.getCookies().should('be.empty');\ncy.get('#getCookies .set-a-cookie').click(); // cy.getCookies() yields an array of cookies\ncy.getCookies().should('have.length', 1).should(cookies => {\n  // each cookie has these properties\n  expect(cookies[0]).to.have.property('name', 'token');\n  expect(cookies[0]).to.have.property('value', '123ABC');\n  expect(cookies[0]).to.have.property('httpOnly', false);\n  expect(cookies[0]).to.have.property('secure', false);\n  expect(cookies[0]).to.have.property('domain');\n  expect(cookies[0]).to.have.property('path');\n});",
              "err": {},
              "uuid": "efbf5ef1-3b04-463a-b680-17757f548137",
              "parentUUID": "459fd1a5-dd59-4767-bd3a-750ff032328a",
              "isHook": false,
              "skipped": false
            },
            {
              "title": "cy.getAllCookies() - get all browser cookies",
              "fullTitle": "Cookies cy.getAllCookies() - get all browser cookies",
              "timedOut": null,
              "duration": 236,
              "state": "failed",
              "speed": null,
              "pass": false,
              "fail": true,
              "pending": false,
              "context": null,
              "code": "// https://on.cypress.io/getallcookies\ncy.getAllCookies().should('be.empty');\ncy.setCookie('key', 'value');\ncy.setCookie('key', 'value', {\n  domain: '.example.com'\n}); // cy.getAllCookies() yields an array of cookies\ncy.getAllCookies().should('have.length', 2).should(cookies => {\n  // each cookie has these properties\n  expect(cookies[0]).to.have.property('name', 'key');\n  expect(cookies[0]).to.have.property('value', 'value');\n  expect(cookies[0]).to.have.property('httpOnly', false);\n  expect(cookies[0]).to.have.property('secure', false);\n  expect(cookies[0]).to.have.property('domain');\n  expect(cookies[0]).to.have.property('path');\n  expect(cookies[1]).to.have.property('name', 'key');\n  expect(cookies[1]).to.have.property('value', 'value');\n  expect(cookies[1]).to.have.property('httpOnly', false);\n  expect(cookies[1]).to.have.property('secure', false);\n  expect(cookies[1]).to.have.property('domain', '.example.com');\n  expect(cookies[1]).to.have.property('path');\n});",
              "err": {
                "message": "TypeError: cy.getAllCookies is not a function",
                "estack": "TypeError: cy.getAllCookies is not a function\n./cypress/e2e/2-advanced-examples/cookies.cy.js/</<@https://example.cypress.io/__cypress/tests?p=cypress/e2e/2-advanced-examples/cookies.cy.js:131:8\n../driver/src/cypress/cy.ts/setRunnable/runnable.fn@https://example.cypress.io/__cypress/runner/cypress_runner.js:178704:43\ncallFn@https://example.cypress.io/__cypress/runner/cypress_runner.js:129491:21\n../driver/node_modules/mocha/lib/runnable.js/</Runnable.prototype.run@https://example.cypress.io/__cypress/runner/cypress_runner.js:129478:13\n../driver/src/cypress/runner.ts/create/onRunnableRun/<@https://example.cypress.io/__cypress/runner/cypress_runner.js:185786:30\nfinallyHandler@https://example.cypress.io/__cypress/runner/cypress_runner.js:9576:23\ntryCatcher@https://example.cypress.io/__cypress/runner/cypress_runner.js:13022:23\n../../node_modules/bluebird/js/release/promise.js/</module.exports/Promise.prototype._settlePromiseFromHandler@https://example.cypress.io/__cypress/runner/cypress_runner.js:10957:31\n../../node_modules/bluebird/js/release/promise.js/</module.exports/Promise.prototype._settlePromise@https://example.cypress.io/__cypress/runner/cypress_runner.js:11014:18\n../../node_modules/bluebird/js/release/promise.js/</module.exports/Promise.prototype._settlePromise0@https://example.cypress.io/__cypress/runner/cypress_runner.js:11059:10\n../../node_modules/bluebird/js/release/promise.js/</module.exports/Promise.prototype._settlePromises@https://example.cypress.io/__cypress/runner/cypress_runner.js:11139:18\n_drainQueueStep@https://example.cypress.io/__cypress/runner/cypress_runner.js:7729:12\n_drainQueue@https://example.cypress.io/__cypress/runner/cypress_runner.js:7722:24\n../../node_modules/bluebird/js/release/async.js/</Async.prototype._drainQueues@https://example.cypress.io/__cypress/runner/cypress_runner.js:7738:16\n../../node_modules/bluebird/js/release/async.js/</Async/this.drainQueues@https://example.cypress.io/__cypress/runner/cypress_runner.js:7608:14\n",
                "diff": null
              },
              "uuid": "454fba17-2855-413c-8e83-dc46a1d5085e",
              "parentUUID": "459fd1a5-dd59-4767-bd3a-750ff032328a",
              "isHook": false,
              "skipped": false
            },
            {
              "title": "cy.setCookie() - set a browser cookie",
              "fullTitle": "Cookies cy.setCookie() - set a browser cookie",
              "timedOut": null,
              "duration": 168,
              "state": "passed",
              "speed": "fast",
              "pass": true,
              "fail": false,
              "pending": false,
              "context": null,
              "code": "// https://on.cypress.io/setcookie\ncy.getCookies().should('be.empty');\ncy.setCookie('foo', 'bar'); // cy.getCookie() yields a cookie object\ncy.getCookie('foo').should('have.property', 'value', 'bar');",
              "err": {},
              "uuid": "05a52726-b273-45f8-9bfd-79897c2e4b14",
              "parentUUID": "459fd1a5-dd59-4767-bd3a-750ff032328a",
              "isHook": false,
              "skipped": false
            },
            {
              "title": "cy.clearCookie() - clear a browser cookie",
              "fullTitle": "Cookies cy.clearCookie() - clear a browser cookie",
              "timedOut": null,
              "duration": 273,
              "state": "passed",
              "speed": "fast",
              "pass": true,
              "fail": false,
              "pending": false,
              "context": null,
              "code": "// https://on.cypress.io/clearcookie\ncy.getCookie('token').should('be.null');\ncy.get('#clearCookie .set-a-cookie').click();\ncy.getCookie('token').should('have.property', 'value', '123ABC'); // cy.clearCookies() yields null\ncy.clearCookie('token');\ncy.getCookie('token').should('be.null');",
              "err": {},
              "uuid": "2f33bb33-4e46-42e0-ab46-3b9dc4047b51",
              "parentUUID": "459fd1a5-dd59-4767-bd3a-750ff032328a",
              "isHook": false,
              "skipped": false
            },
            {
              "title": "cy.clearCookies() - clear browser cookies for the current domain",
              "fullTitle": "Cookies cy.clearCookies() - clear browser cookies for the current domain",
              "timedOut": null,
              "duration": 264,
              "state": "passed",
              "speed": "fast",
              "pass": true,
              "fail": false,
              "pending": false,
              "context": null,
              "code": "// https://on.cypress.io/clearcookies\ncy.getCookies().should('be.empty');\ncy.get('#clearCookies .set-a-cookie').click();\ncy.getCookies().should('have.length', 1); // cy.clearCookies() yields null\ncy.clearCookies();\ncy.getCookies().should('be.empty');",
              "err": {},
              "uuid": "87e2593a-8834-4d44-9d4c-409c596a12c0",
              "parentUUID": "459fd1a5-dd59-4767-bd3a-750ff032328a",
              "isHook": false,
              "skipped": false
            },
            {
              "title": "cy.clearAllCookies() - clear all browser cookies",
              "fullTitle": "Cookies cy.clearAllCookies() - clear all browser cookies",
              "timedOut": null,
              "duration": 226,
              "state": "failed",
              "speed": null,
              "pass": false,
              "fail": true,
              "pending": false,
              "context": null,
              "code": "// https://on.cypress.io/clearallcookies\ncy.getAllCookies().should('be.empty');\ncy.setCookie('key', 'value');\ncy.setCookie('key', 'value', {\n  domain: '.example.com'\n});\ncy.getAllCookies().should('have.length', 2); // cy.clearAllCookies() yields null\ncy.clearAllCookies();\ncy.getAllCookies().should('be.empty');",
              "err": {
                "message": "TypeError: cy.getAllCookies is not a function",
                "estack": "TypeError: cy.getAllCookies is not a function\n./cypress/e2e/2-advanced-examples/cookies.cy.js/</<@https://example.cypress.io/__cypress/tests?p=cypress/e2e/2-advanced-examples/cookies.cy.js:180:8\n../driver/src/cypress/cy.ts/setRunnable/runnable.fn@https://example.cypress.io/__cypress/runner/cypress_runner.js:178704:43\ncallFn@https://example.cypress.io/__cypress/runner/cypress_runner.js:129491:21\n../driver/node_modules/mocha/lib/runnable.js/</Runnable.prototype.run@https://example.cypress.io/__cypress/runner/cypress_runner.js:129478:13\n../driver/src/cypress/runner.ts/create/onRunnableRun/<@https://example.cypress.io/__cypress/runner/cypress_runner.js:185786:30\nfinallyHandler@https://example.cypress.io/__cypress/runner/cypress_runner.js:9576:23\ntryCatcher@https://example.cypress.io/__cypress/runner/cypress_runner.js:13022:23\n../../node_modules/bluebird/js/release/promise.js/</module.exports/Promise.prototype._settlePromiseFromHandler@https://example.cypress.io/__cypress/runner/cypress_runner.js:10957:31\n../../node_modules/bluebird/js/release/promise.js/</module.exports/Promise.prototype._settlePromise@https://example.cypress.io/__cypress/runner/cypress_runner.js:11014:18\n../../node_modules/bluebird/js/release/promise.js/</module.exports/Promise.prototype._settlePromise0@https://example.cypress.io/__cypress/runner/cypress_runner.js:11059:10\n../../node_modules/bluebird/js/release/promise.js/</module.exports/Promise.prototype._settlePromises@https://example.cypress.io/__cypress/runner/cypress_runner.js:11139:18\n_drainQueueStep@https://example.cypress.io/__cypress/runner/cypress_runner.js:7729:12\n_drainQueue@https://example.cypress.io/__cypress/runner/cypress_runner.js:7722:24\n../../node_modules/bluebird/js/release/async.js/</Async.prototype._drainQueues@https://example.cypress.io/__cypress/runner/cypress_runner.js:7738:16\n../../node_modules/bluebird/js/release/async.js/</Async/this.drainQueues@https://example.cypress.io/__cypress/runner/cypress_runner.js:7608:14\n",
                "diff": null
              },
              "uuid": "cda3886f-4879-4f8a-b1f6-fafd8a720a68",
              "parentUUID": "459fd1a5-dd59-4767-bd3a-750ff032328a",
              "isHook": false,
              "skipped": false
            }
          ],
          "suites": [],
          "passes": [
            "ef5b1f13-52d6-4f17-9e54-5ffb1cb73f1b",
            "efbf5ef1-3b04-463a-b680-17757f548137",
            "05a52726-b273-45f8-9bfd-79897c2e4b14",
            "2f33bb33-4e46-42e0-ab46-3b9dc4047b51",
            "87e2593a-8834-4d44-9d4c-409c596a12c0"
          ],
          "failures": [
            "454fba17-2855-413c-8e83-dc46a1d5085e",
            "cda3886f-4879-4f8a-b1f6-fafd8a720a68"
          ],
          "pending": [],
          "skipped": [],
          "duration": 1947,
          "root": false,
          "rootEmpty": false,
          "_timeout": 2000
        }
      ],
      "passes": [],
      "failures": [],
      "pending": [],
      "skipped": [],
      "duration": 0,
      "root": true,
      "rootEmpty": true,
      "_timeout": 2000
    }
  ],
  "meta": {
    "mocha": {
      "version": "7.0.1"
    },
    "mochawesome": {
      "options": {
        "quiet": false,
        "reportFilename": "mochawesome",
        "saveHtml": false,
        "saveJson": true,
        "consoleReporter": "spec",
        "useInlineDiffs": false,
        "code": true
      },
      "version": "7.1.3"
    },
    "marge": {
      "options": {
        "charts": true,
        "reportPageTitle": "custom-title",
        "embeddedScreenshots": true,
        "inlineAssets": true,
        "saveAllAttempts": false,
        "overwrite": false,
        "html": false,
        "json": true,
        "reportDir": "cypress/reports/html/.jsons"
      },
      "version": "6.2.0"
    }
  }
}