{
  "stats": {
    "suites": 1,
    "tests": 5,
    "passes": 0,
    "pending": 0,
    "failures": 5,
    "start": "2025-09-22T08:13:10.649Z",
    "end": "2025-09-22T08:13:13.328Z",
    "duration": 2679,
    "testsRegistered": 5,
    "passPercent": 0,
    "pendingPercent": 0,
    "other": 0,
    "hasOther": false,
    "skipped": 0,
    "hasSkipped": false
  },
  "results": [
    {
      "uuid": "dba030c0-df4f-48f3-92b2-7de192cfd1fa",
      "title": "",
      "fullFile": "cypress/e2e/2-advanced-examples/storage.cy.js",
      "file": "cypress/2-advanced-examples/storage.cy.js",
      "beforeHooks": [],
      "afterHooks": [],
      "tests": [],
      "suites": [
        {
          "uuid": "e2853f02-4bf2-41d9-8970-bc8d5e56870e",
          "title": "Local Storage / Session Storage",
          "fullFile": "",
          "file": "",
          "beforeHooks": [],
          "afterHooks": [],
          "tests": [
            {
              "title": "cy.clearLocalStorage() - clear all data in localStorage for the current origin",
              "fullTitle": "Local Storage / Session Storage cy.clearLocalStorage() - clear all data in localStorage for the current origin",
              "timedOut": null,
              "duration": 456,
              "state": "failed",
              "speed": null,
              "pass": false,
              "fail": true,
              "pending": false,
              "context": null,
              "code": "// https://on.cypress.io/clearlocalstorage\ncy.get('.ls-btn').click();\ncy.get('.ls-btn').should(() => {\n  expect(localStorage.getItem('prop1')).to.eq('red');\n  expect(localStorage.getItem('prop2')).to.eq('blue');\n  expect(localStorage.getItem('prop3')).to.eq('magenta');\n});\ncy.clearLocalStorage();\ncy.getAllLocalStorage().should(() => {\n  expect(localStorage.getItem('prop1')).to.be.null;\n  expect(localStorage.getItem('prop2')).to.be.null;\n  expect(localStorage.getItem('prop3')).to.be.null;\n});\ncy.get('.ls-btn').click();\ncy.get('.ls-btn').should(() => {\n  expect(localStorage.getItem('prop1')).to.eq('red');\n  expect(localStorage.getItem('prop2')).to.eq('blue');\n  expect(localStorage.getItem('prop3')).to.eq('magenta');\n}); // Clear key matching string in localStorage\ncy.clearLocalStorage('prop1');\ncy.getAllLocalStorage().should(() => {\n  expect(localStorage.getItem('prop1')).to.be.null;\n  expect(localStorage.getItem('prop2')).to.eq('blue');\n  expect(localStorage.getItem('prop3')).to.eq('magenta');\n});\ncy.get('.ls-btn').click();\ncy.get('.ls-btn').should(() => {\n  expect(localStorage.getItem('prop1')).to.eq('red');\n  expect(localStorage.getItem('prop2')).to.eq('blue');\n  expect(localStorage.getItem('prop3')).to.eq('magenta');\n}); // Clear keys matching regex in localStorage\ncy.clearLocalStorage(/prop1|2/);\ncy.getAllLocalStorage().should(() => {\n  expect(localStorage.getItem('prop1')).to.be.null;\n  expect(localStorage.getItem('prop2')).to.be.null;\n  expect(localStorage.getItem('prop3')).to.eq('magenta');\n});",
              "err": {
                "message": "TypeError: cy.getAllLocalStorage is not a function",
                "estack": "TypeError: cy.getAllLocalStorage is not a function\n./cypress/e2e/2-advanced-examples/storage.cy.js/</<@https://example.cypress.io/__cypress/tests?p=cypress/e2e/2-advanced-examples/storage.cy.js:116:8\n../driver/src/cypress/cy.ts/setRunnable/runnable.fn@https://example.cypress.io/__cypress/runner/cypress_runner.js:178704:43\ncallFn@https://example.cypress.io/__cypress/runner/cypress_runner.js:129491:21\n../driver/node_modules/mocha/lib/runnable.js/</Runnable.prototype.run@https://example.cypress.io/__cypress/runner/cypress_runner.js:129478:13\n../driver/src/cypress/runner.ts/create/onRunnableRun/<@https://example.cypress.io/__cypress/runner/cypress_runner.js:185786:30\nfinallyHandler@https://example.cypress.io/__cypress/runner/cypress_runner.js:9576:23\ntryCatcher@https://example.cypress.io/__cypress/runner/cypress_runner.js:13022:23\n../../node_modules/bluebird/js/release/promise.js/</module.exports/Promise.prototype._settlePromiseFromHandler@https://example.cypress.io/__cypress/runner/cypress_runner.js:10957:31\n../../node_modules/bluebird/js/release/promise.js/</module.exports/Promise.prototype._settlePromise@https://example.cypress.io/__cypress/runner/cypress_runner.js:11014:18\n../../node_modules/bluebird/js/release/promise.js/</module.exports/Promise.prototype._settlePromise0@https://example.cypress.io/__cypress/runner/cypress_runner.js:11059:10\n../../node_modules/bluebird/js/release/promise.js/</module.exports/Promise.prototype._settlePromises@https://example.cypress.io/__cypress/runner/cypress_runner.js:11139:18\n_drainQueueStep@https://example.cypress.io/__cypress/runner/cypress_runner.js:7729:12\n_drainQueue@https://example.cypress.io/__cypress/runner/cypress_runner.js:7722:24\n../../node_modules/bluebird/js/release/async.js/</Async.prototype._drainQueues@https://example.cypress.io/__cypress/runner/cypress_runner.js:7738:16\n../../node_modules/bluebird/js/release/async.js/</Async/this.drainQueues@https://example.cypress.io/__cypress/runner/cypress_runner.js:7608:14\n",
                "diff": null
              },
              "uuid": "a3ea3a71-40d8-4b39-9698-5d93e789086e",
              "parentUUID": "e2853f02-4bf2-41d9-8970-bc8d5e56870e",
              "isHook": false,
              "skipped": false
            },
            {
              "title": "cy.getAllLocalStorage() - get all data in localStorage for all origins",
              "fullTitle": "Local Storage / Session Storage cy.getAllLocalStorage() - get all data in localStorage for all origins",
              "timedOut": null,
              "duration": 239,
              "state": "failed",
              "speed": null,
              "pass": false,
              "fail": true,
              "pending": false,
              "context": null,
              "code": "// https://on.cypress.io/getalllocalstorage\ncy.get('.ls-btn').click(); // getAllLocalStorage() yields a map of origins to localStorage values\ncy.getAllLocalStorage().should(storageMap => {\n  expect(storageMap).to.deep.equal({\n    // other origins will also be present if localStorage is set on them\n    'https://example.cypress.io': {\n      prop1: 'red',\n      prop2: 'blue',\n      prop3: 'magenta'\n    }\n  });\n});",
              "err": {
                "message": "TypeError: cy.getAllLocalStorage is not a function",
                "estack": "TypeError: cy.getAllLocalStorage is not a function\n./cypress/e2e/2-advanced-examples/storage.cy.js/</<@https://example.cypress.io/__cypress/tests?p=cypress/e2e/2-advanced-examples/storage.cy.js:152:8\n../driver/src/cypress/cy.ts/setRunnable/runnable.fn@https://example.cypress.io/__cypress/runner/cypress_runner.js:178704:43\ncallFn@https://example.cypress.io/__cypress/runner/cypress_runner.js:129491:21\n../driver/node_modules/mocha/lib/runnable.js/</Runnable.prototype.run@https://example.cypress.io/__cypress/runner/cypress_runner.js:129478:13\n../driver/src/cypress/runner.ts/create/onRunnableRun/<@https://example.cypress.io/__cypress/runner/cypress_runner.js:185786:30\nfinallyHandler@https://example.cypress.io/__cypress/runner/cypress_runner.js:9576:23\ntryCatcher@https://example.cypress.io/__cypress/runner/cypress_runner.js:13022:23\n../../node_modules/bluebird/js/release/promise.js/</module.exports/Promise.prototype._settlePromiseFromHandler@https://example.cypress.io/__cypress/runner/cypress_runner.js:10957:31\n../../node_modules/bluebird/js/release/promise.js/</module.exports/Promise.prototype._settlePromise@https://example.cypress.io/__cypress/runner/cypress_runner.js:11014:18\n../../node_modules/bluebird/js/release/promise.js/</module.exports/Promise.prototype._settlePromise0@https://example.cypress.io/__cypress/runner/cypress_runner.js:11059:10\n../../node_modules/bluebird/js/release/promise.js/</module.exports/Promise.prototype._settlePromises@https://example.cypress.io/__cypress/runner/cypress_runner.js:11139:18\n_drainQueueStep@https://example.cypress.io/__cypress/runner/cypress_runner.js:7729:12\n_drainQueue@https://example.cypress.io/__cypress/runner/cypress_runner.js:7722:24\n../../node_modules/bluebird/js/release/async.js/</Async.prototype._drainQueues@https://example.cypress.io/__cypress/runner/cypress_runner.js:7738:16\n../../node_modules/bluebird/js/release/async.js/</Async/this.drainQueues@https://example.cypress.io/__cypress/runner/cypress_runner.js:7608:14\n",
                "diff": null
              },
              "uuid": "64fa0cf2-870f-47db-bbb3-12bafa0e7525",
              "parentUUID": "e2853f02-4bf2-41d9-8970-bc8d5e56870e",
              "isHook": false,
              "skipped": false
            },
            {
              "title": "cy.clearAllLocalStorage() - clear all data in localStorage for all origins",
              "fullTitle": "Local Storage / Session Storage cy.clearAllLocalStorage() - clear all data in localStorage for all origins",
              "timedOut": null,
              "duration": 236,
              "state": "failed",
              "speed": null,
              "pass": false,
              "fail": true,
              "pending": false,
              "context": null,
              "code": "// https://on.cypress.io/clearalllocalstorage\ncy.get('.ls-btn').click(); // clearAllLocalStorage() yields null\ncy.clearAllLocalStorage();\ncy.getAllLocalStorage().should(() => {\n  expect(localStorage.getItem('prop1')).to.be.null;\n  expect(localStorage.getItem('prop2')).to.be.null;\n  expect(localStorage.getItem('prop3')).to.be.null;\n});",
              "err": {
                "message": "TypeError: cy.clearAllLocalStorage is not a function",
                "estack": "TypeError: cy.clearAllLocalStorage is not a function\n./cypress/e2e/2-advanced-examples/storage.cy.js/</<@https://example.cypress.io/__cypress/tests?p=cypress/e2e/2-advanced-examples/storage.cy.js:167:8\n../driver/src/cypress/cy.ts/setRunnable/runnable.fn@https://example.cypress.io/__cypress/runner/cypress_runner.js:178704:43\ncallFn@https://example.cypress.io/__cypress/runner/cypress_runner.js:129491:21\n../driver/node_modules/mocha/lib/runnable.js/</Runnable.prototype.run@https://example.cypress.io/__cypress/runner/cypress_runner.js:129478:13\n../driver/src/cypress/runner.ts/create/onRunnableRun/<@https://example.cypress.io/__cypress/runner/cypress_runner.js:185786:30\nfinallyHandler@https://example.cypress.io/__cypress/runner/cypress_runner.js:9576:23\ntryCatcher@https://example.cypress.io/__cypress/runner/cypress_runner.js:13022:23\n../../node_modules/bluebird/js/release/promise.js/</module.exports/Promise.prototype._settlePromiseFromHandler@https://example.cypress.io/__cypress/runner/cypress_runner.js:10957:31\n../../node_modules/bluebird/js/release/promise.js/</module.exports/Promise.prototype._settlePromise@https://example.cypress.io/__cypress/runner/cypress_runner.js:11014:18\n../../node_modules/bluebird/js/release/promise.js/</module.exports/Promise.prototype._settlePromise0@https://example.cypress.io/__cypress/runner/cypress_runner.js:11059:10\n../../node_modules/bluebird/js/release/promise.js/</module.exports/Promise.prototype._settlePromises@https://example.cypress.io/__cypress/runner/cypress_runner.js:11139:18\n_drainQueueStep@https://example.cypress.io/__cypress/runner/cypress_runner.js:7729:12\n_drainQueue@https://example.cypress.io/__cypress/runner/cypress_runner.js:7722:24\n../../node_modules/bluebird/js/release/async.js/</Async.prototype._drainQueues@https://example.cypress.io/__cypress/runner/cypress_runner.js:7738:16\n../../node_modules/bluebird/js/release/async.js/</Async/this.drainQueues@https://example.cypress.io/__cypress/runner/cypress_runner.js:7608:14\n",
                "diff": null
              },
              "uuid": "261e9dd6-3342-452d-bed4-35a718defd46",
              "parentUUID": "e2853f02-4bf2-41d9-8970-bc8d5e56870e",
              "isHook": false,
              "skipped": false
            },
            {
              "title": "cy.getAllSessionStorage() - get all data in sessionStorage for all origins",
              "fullTitle": "Local Storage / Session Storage cy.getAllSessionStorage() - get all data in sessionStorage for all origins",
              "timedOut": null,
              "duration": 231,
              "state": "failed",
              "speed": null,
              "pass": false,
              "fail": true,
              "pending": false,
              "context": null,
              "code": "// https://on.cypress.io/getallsessionstorage\ncy.get('.ls-btn').click(); // getAllSessionStorage() yields a map of origins to sessionStorage values\ncy.getAllSessionStorage().should(storageMap => {\n  expect(storageMap).to.deep.equal({\n    // other origins will also be present if sessionStorage is set on them\n    'https://example.cypress.io': {\n      prop4: 'cyan',\n      prop5: 'yellow',\n      prop6: 'black'\n    }\n  });\n});",
              "err": {
                "message": "TypeError: cy.getAllSessionStorage is not a function",
                "estack": "TypeError: cy.getAllSessionStorage is not a function\n./cypress/e2e/2-advanced-examples/storage.cy.js/</<@https://example.cypress.io/__cypress/tests?p=cypress/e2e/2-advanced-examples/storage.cy.js:178:8\n../driver/src/cypress/cy.ts/setRunnable/runnable.fn@https://example.cypress.io/__cypress/runner/cypress_runner.js:178704:43\ncallFn@https://example.cypress.io/__cypress/runner/cypress_runner.js:129491:21\n../driver/node_modules/mocha/lib/runnable.js/</Runnable.prototype.run@https://example.cypress.io/__cypress/runner/cypress_runner.js:129478:13\n../driver/src/cypress/runner.ts/create/onRunnableRun/<@https://example.cypress.io/__cypress/runner/cypress_runner.js:185786:30\nfinallyHandler@https://example.cypress.io/__cypress/runner/cypress_runner.js:9576:23\ntryCatcher@https://example.cypress.io/__cypress/runner/cypress_runner.js:13022:23\n../../node_modules/bluebird/js/release/promise.js/</module.exports/Promise.prototype._settlePromiseFromHandler@https://example.cypress.io/__cypress/runner/cypress_runner.js:10957:31\n../../node_modules/bluebird/js/release/promise.js/</module.exports/Promise.prototype._settlePromise@https://example.cypress.io/__cypress/runner/cypress_runner.js:11014:18\n../../node_modules/bluebird/js/release/promise.js/</module.exports/Promise.prototype._settlePromise0@https://example.cypress.io/__cypress/runner/cypress_runner.js:11059:10\n../../node_modules/bluebird/js/release/promise.js/</module.exports/Promise.prototype._settlePromises@https://example.cypress.io/__cypress/runner/cypress_runner.js:11139:18\n_drainQueueStep@https://example.cypress.io/__cypress/runner/cypress_runner.js:7729:12\n_drainQueue@https://example.cypress.io/__cypress/runner/cypress_runner.js:7722:24\n../../node_modules/bluebird/js/release/async.js/</Async.prototype._drainQueues@https://example.cypress.io/__cypress/runner/cypress_runner.js:7738:16\n../../node_modules/bluebird/js/release/async.js/</Async/this.drainQueues@https://example.cypress.io/__cypress/runner/cypress_runner.js:7608:14\n",
                "diff": null
              },
              "uuid": "ed7296df-74ba-4105-9e05-73f4351e0859",
              "parentUUID": "e2853f02-4bf2-41d9-8970-bc8d5e56870e",
              "isHook": false,
              "skipped": false
            },
            {
              "title": "cy.clearAllSessionStorage() - clear all data in sessionStorage for all origins",
              "fullTitle": "Local Storage / Session Storage cy.clearAllSessionStorage() - clear all data in sessionStorage for all origins",
              "timedOut": null,
              "duration": 227,
              "state": "failed",
              "speed": null,
              "pass": false,
              "fail": true,
              "pending": false,
              "context": null,
              "code": "// https://on.cypress.io/clearallsessionstorage\ncy.get('.ls-btn').click(); // clearAllSessionStorage() yields null\ncy.clearAllSessionStorage();\ncy.getAllSessionStorage().should(() => {\n  expect(sessionStorage.getItem('prop4')).to.be.null;\n  expect(sessionStorage.getItem('prop5')).to.be.null;\n  expect(sessionStorage.getItem('prop6')).to.be.null;\n});",
              "err": {
                "message": "TypeError: cy.clearAllSessionStorage is not a function",
                "estack": "TypeError: cy.clearAllSessionStorage is not a function\n./cypress/e2e/2-advanced-examples/storage.cy.js/</<@https://example.cypress.io/__cypress/tests?p=cypress/e2e/2-advanced-examples/storage.cy.js:193:8\n../driver/src/cypress/cy.ts/setRunnable/runnable.fn@https://example.cypress.io/__cypress/runner/cypress_runner.js:178704:43\ncallFn@https://example.cypress.io/__cypress/runner/cypress_runner.js:129491:21\n../driver/node_modules/mocha/lib/runnable.js/</Runnable.prototype.run@https://example.cypress.io/__cypress/runner/cypress_runner.js:129478:13\n../driver/src/cypress/runner.ts/create/onRunnableRun/<@https://example.cypress.io/__cypress/runner/cypress_runner.js:185786:30\nfinallyHandler@https://example.cypress.io/__cypress/runner/cypress_runner.js:9576:23\ntryCatcher@https://example.cypress.io/__cypress/runner/cypress_runner.js:13022:23\n../../node_modules/bluebird/js/release/promise.js/</module.exports/Promise.prototype._settlePromiseFromHandler@https://example.cypress.io/__cypress/runner/cypress_runner.js:10957:31\n../../node_modules/bluebird/js/release/promise.js/</module.exports/Promise.prototype._settlePromise@https://example.cypress.io/__cypress/runner/cypress_runner.js:11014:18\n../../node_modules/bluebird/js/release/promise.js/</module.exports/Promise.prototype._settlePromise0@https://example.cypress.io/__cypress/runner/cypress_runner.js:11059:10\n../../node_modules/bluebird/js/release/promise.js/</module.exports/Promise.prototype._settlePromises@https://example.cypress.io/__cypress/runner/cypress_runner.js:11139:18\n_drainQueueStep@https://example.cypress.io/__cypress/runner/cypress_runner.js:7729:12\n_drainQueue@https://example.cypress.io/__cypress/runner/cypress_runner.js:7722:24\n../../node_modules/bluebird/js/release/async.js/</Async.prototype._drainQueues@https://example.cypress.io/__cypress/runner/cypress_runner.js:7738:16\n../../node_modules/bluebird/js/release/async.js/</Async/this.drainQueues@https://example.cypress.io/__cypress/runner/cypress_runner.js:7608:14\n",
                "diff": null
              },
              "uuid": "81c228be-a8e9-4632-8bfd-3ac1f0d0ccfe",
              "parentUUID": "e2853f02-4bf2-41d9-8970-bc8d5e56870e",
              "isHook": false,
              "skipped": false
            }
          ],
          "suites": [],
          "passes": [],
          "failures": [
            "a3ea3a71-40d8-4b39-9698-5d93e789086e",
            "64fa0cf2-870f-47db-bbb3-12bafa0e7525",
            "261e9dd6-3342-452d-bed4-35a718defd46",
            "ed7296df-74ba-4105-9e05-73f4351e0859",
            "81c228be-a8e9-4632-8bfd-3ac1f0d0ccfe"
          ],
          "pending": [],
          "skipped": [],
          "duration": 1389,
          "root": false,
          "rootEmpty": false,
          "_timeout": 2000
        }
      ],
      "passes": [],
      "failures": [],
      "pending": [],
      "skipped": [],
      "duration": 0,
      "root": true,
      "rootEmpty": true,
      "_timeout": 2000
    }
  ],
  "meta": {
    "mocha": {
      "version": "7.0.1"
    },
    "mochawesome": {
      "options": {
        "quiet": false,
        "reportFilename": "mochawesome",
        "saveHtml": false,
        "saveJson": true,
        "consoleReporter": "spec",
        "useInlineDiffs": false,
        "code": true
      },
      "version": "7.1.3"
    },
    "marge": {
      "options": {
        "charts": true,
        "reportPageTitle": "custom-title",
        "embeddedScreenshots": true,
        "inlineAssets": true,
        "saveAllAttempts": false,
        "overwrite": false,
        "html": false,
        "json": true,
        "reportDir": "cypress/reports/html/.jsons"
      },
      "version": "6.2.0"
    }
  }
}